c:\users\admin\desktop\vally\proj.win32\engine\cocos\core\cocos2d.dir\debug\cocos2d.pch
c:\users\admin\desktop\vally\proj.win32\lib\debug\cocos2d.pdb
c:\users\admin\desktop\vally\proj.win32\engine\cocos\core\cocos2d.dir\debug\precheader.obj
c:\users\admin\desktop\vally\proj.win32\engine\cocos\core\cocos2d.dir\debug\ccactiongrid3d.obj
c:\users\admin\desktop\vally\proj.win32\engine\cocos\core\cocos2d.dir\debug\ccfasttmxtiledmap.obj
c:\users\admin\desktop\vally\proj.win32\engine\cocos\core\cocos2d.dir\debug\ccmenuitem.obj
c:\users\admin\desktop\vally\proj.win32\engine\cocos\core\cocos2d.dir\debug\ccparallaxnode.obj
c:\users\admin\desktop\vally\proj.win32\engine\cocos\core\cocos2d.dir\debug\ccrendertexture.obj
c:\users\admin\desktop\vally\proj.win32\engine\cocos\core\cocos2d.dir\debug\ccbundle3d.obj
c:\users\admin\desktop\vally\proj.win32\engine\cocos\core\cocos2d.dir\debug\mat4.obj
c:\users\admin\desktop\vally\proj.win32\engine\cocos\core\cocos2d.dir\debug\vec2.obj
c:\users\admin\desktop\vally\proj.win32\engine\cocos\core\cocos2d.dir\debug\ccnavmeshagent.obj
c:\users\admin\desktop\vally\proj.win32\engine\cocos\core\cocos2d.dir\debug\ccgroupcommand.obj
c:\users\admin\desktop\vally\proj.win32\engine\cocos\core\cocos2d.dir\debug\program.obj
c:\users\admin\desktop\vally\proj.win32\engine\cocos\core\cocos2d.dir\debug\renderpipelinegl.obj
c:\users\admin\desktop\vally\proj.win32\engine\cocos\core\cocos2d.dir\debug\ccconsole.obj
c:\users\admin\desktop\vally\proj.win32\engine\cocos\core\cocos2d.dir\debug\uiscrollviewbar.obj
c:\users\admin\desktop\vally\proj.win32\engine\cocos\core\cocos2d.dir\debug\ccdownloader.obj
c:\users\admin\desktop\vally\proj.win32\engine\cocos\core\cocos2d.dir\debug\ccarmaturedatamanager.obj
c:\users\admin\desktop\vally\proj.win32\engine\cocos\core\cocos2d.dir\debug\cocoloader.obj
c:\users\admin\desktop\vally\proj.win32\engine\cocos\core\cocos2d.dir\debug\cccomextensiondata.obj
c:\users\admin\desktop\vally\proj.win32\engine\cocos\core\cocos2d.dir\debug\projectnodereader.obj
c:\users\admin\desktop\vally\proj.win32\engine\cocos\core\cocos2d.dir\debug\node3dreader.obj
c:\users\admin\desktop\vally\proj.win32\engine\cocos\core\cocos2d.dir\debug\buttonreader.obj
c:\users\admin\desktop\vally\proj.win32\engine\cocos\core\cocos2d.dir\debug\cccontrolcolourpicker.obj
c:\users\admin\desktop\vally\proj.win32\engine\cocos\core\cocos2d.dir\debug\cccontrolswitch.obj
c:\users\admin\desktop\vally\proj.win32\engine\cocos\core\cocos2d.dir\debug\ccparticle3daffector.obj
c:\users\admin\desktop\vally\proj.win32\engine\cocos\core\cocos2d.dir\debug\ccpuforcefield.obj
c:\users\admin\desktop\vally\proj.win32\engine\cocos\core\cocos2d.dir\debug\ccpuplane.obj
c:\users\admin\desktop\vally\proj.win32\engine\cocos\core\cocos2d.dir\debug\ccpuscriptparser.obj
c:\users\admin\desktop\vally\proj.win32\engine\cocos\core\cocos2d.dir\debug\ccpulistener.obj
c:\users\admin\desktop\vally\proj.win32\engine\cocos\core\cocos2d.dir\debug\ccpubaseforceaffectortranslator.obj
c:\users\admin\desktop\vally\proj.win32\engine\cocos\core\cocos2d.dir\debug\ccpuinterparticlecollider.obj
c:\users\admin\desktop\vally\proj.win32\engine\cocos\core\cocos2d.dir\debug\ccpupathfollowertranslator.obj
c:\users\admin\desktop\vally\proj.win32\engine\cocos\core\cocos2d.dir\debug\ccpuvelocitymatchingaffectortranslator.obj
c:\users\admin\desktop\vally\proj.win32\engine\cocos\core\cocos2d.dir\debug\ccpupositionemittertranslator.obj
c:\users\admin\desktop\vally\proj.win32\engine\cocos\core\cocos2d.dir\debug\ccpudofreezeeventhandler.obj
c:\users\admin\desktop\vally\proj.win32\engine\cocos\core\cocos2d.dir\debug\ccpudoscaleeventhandlertranslator.obj
c:\users\admin\desktop\vally\proj.win32\engine\cocos\core\cocos2d.dir\debug\ccpuonpositionobserver.obj
c:\users\admin\desktop\vally\proj.win32\engine\cocos\core\cocos2d.dir\debug\ccpubehaviourtranslator.obj
c:\users\admin\desktop\vally\proj.win32\engine\cocos\core\cocos2d.dir\debug\cocos2d.obj
c:\users\admin\desktop\vally\proj.win32\engine\cocos\core\cocos2d.dir\debug\ccatlasnode.obj
c:\users\admin\desktop\vally\proj.win32\engine\cocos\core\cocos2d.dir\debug\ccfontatlascache.obj
c:\users\admin\desktop\vally\proj.win32\engine\cocos\core\cocos2d.dir\debug\ccparticlebatchnode.obj
c:\users\admin\desktop\vally\proj.win32\engine\cocos\core\cocos2d.dir\debug\ccspriteframe.obj
c:\users\admin\desktop\vally\proj.win32\engine\cocos\core\cocos2d.dir\debug\cctilemapatlas.obj
c:\users\admin\desktop\vally\proj.win32\engine\cocos\core\cocos2d.dir\debug\ccattachnode.obj
c:\users\admin\desktop\vally\proj.win32\engine\cocos\core\cocos2d.dir\debug\ccmesh.obj
c:\users\admin\desktop\vally\proj.win32\engine\cocos\core\cocos2d.dir\debug\ccphysicsshape.obj
c:\users\admin\desktop\vally\proj.win32\engine\cocos\core\cocos2d.dir\debug\ccphysics3dworld.obj
c:\users\admin\desktop\vally\proj.win32\engine\cocos\core\cocos2d.dir\debug\cctextureutils.obj
c:\users\admin\desktop\vally\proj.win32\engine\cocos\core\cocos2d.dir\debug\shadermodule.obj
c:\users\admin\desktop\vally\proj.win32\engine\cocos\core\cocos2d.dir\debug\shadercache.obj
c:\users\admin\desktop\vally\proj.win32\engine\cocos\core\cocos2d.dir\debug\cceventacceleration.obj
c:\users\admin\desktop\vally\proj.win32\engine\cocos\core\cocos2d.dir\debug\cceventlisteneracceleration.obj
c:\users\admin\desktop\vally\proj.win32\engine\cocos\core\cocos2d.dir\debug\ccprofiling.obj
c:\users\admin\desktop\vally\proj.win32\engine\cocos\core\cocos2d.dir\debug\cccontroller-linux-win32.obj
c:\users\admin\desktop\vally\proj.win32\engine\cocos\core\cocos2d.dir\debug\cccolliderdetector.obj
c:\users\admin\desktop\vally\proj.win32\engine\cocos\core\cocos2d.dir\debug\ccdisplayfactory.obj
c:\users\admin\desktop\vally\proj.win32\engine\cocos\core\cocos2d.dir\debug\cocostudio.obj
c:\users\admin\desktop\vally\proj.win32\engine\cocos\core\cocos2d.dir\debug\skeletonnodereader.obj
c:\users\admin\desktop\vally\proj.win32\engine\cocos\core\cocos2d.dir\debug\ccactiontimeline.obj
c:\users\admin\desktop\vally\proj.win32\engine\cocos\core\cocos2d.dir\debug\cccontrolpotentiometer.obj
c:\users\admin\desktop\vally\proj.win32\engine\cocos\core\cocos2d.dir\debug\ccscrollview.obj
c:\users\admin\desktop\vally\proj.win32\engine\cocos\core\cocos2d.dir\debug\ccputranslatemanager.obj
c:\users\admin\desktop\vally\proj.win32\engine\cocos\core\cocos2d.dir\debug\ccpuflockcenteringaffectortranslator.obj
c:\users\admin\desktop\vally\proj.win32\engine\cocos\core\cocos2d.dir\debug\ccpuparticlefollower.obj
c:\users\admin\desktop\vally\proj.win32\engine\cocos\core\cocos2d.dir\debug\ccpusineforceaffector.obj
c:\users\admin\desktop\vally\proj.win32\engine\cocos\core\cocos2d.dir\debug\ccpuvelocitymatchingaffector.obj
c:\users\admin\desktop\vally\proj.win32\engine\cocos\core\cocos2d.dir\debug\ccpupointemittertranslator.obj
c:\users\admin\desktop\vally\proj.win32\engine\cocos\core\cocos2d.dir\debug\ccpudoexpireeventhandler.obj
c:\users\admin\desktop\vally\proj.win32\engine\cocos\core\cocos2d.dir\debug\ccpudostopsystemeventhandler.obj
c:\users\admin\desktop\vally\proj.win32\engine\cocos\core\cocos2d.dir\debug\ccpuoneventflagobserver.obj
c:\users\admin\desktop\vally\proj.win32\engine\cocos\core\cocos2d.dir\debug\ccpubehaviourmanager.obj
c:\users\admin\desktop\vally\proj.win32\engine\cocos\core\cocos2d.dir\debug\ccaction.obj
c:\users\admin\desktop\vally\proj.win32\engine\cocos\core\cocos2d.dir\debug\cccamera.obj
c:\users\admin\desktop\vally\proj.win32\engine\cocos\core\cocos2d.dir\debug\cclabelatlas.obj
c:\users\admin\desktop\vally\proj.win32\engine\cocos\core\cocos2d.dir\debug\ccnodegrid.obj
c:\users\admin\desktop\vally\proj.win32\engine\cocos\core\cocos2d.dir\debug\ccprogresstimer.obj
c:\users\admin\desktop\vally\proj.win32\engine\cocos\core\cocos2d.dir\debug\cctmxxmlparser.obj
c:\users\admin\desktop\vally\proj.win32\engine\cocos\core\cocos2d.dir\debug\ccterrain.obj
c:\users\admin\desktop\vally\proj.win32\engine\cocos\core\cocos2d.dir\debug\ccphysics3dcomponent.obj
c:\users\admin\desktop\vally\proj.win32\engine\cocos\core\cocos2d.dir\debug\ccmeshcommand.obj
c:\users\admin\desktop\vally\proj.win32\engine\cocos\core\cocos2d.dir\debug\ccrenderer.obj
c:\users\admin\desktop\vally\proj.win32\engine\cocos\core\cocos2d.dir\debug\cceventcustom.obj
c:\users\admin\desktop\vally\proj.win32\engine\cocos\core\cocos2d.dir\debug\cceventlistenerfocus.obj
c:\users\admin\desktop\vally\proj.win32\engine\cocos\core\cocos2d.dir\debug\ccvalue.obj
c:\users\admin\desktop\vally\proj.win32\engine\cocos\core\cocos2d.dir\debug\uiabstractcheckbutton.obj
c:\users\admin\desktop\vally\proj.win32\engine\cocos\core\cocos2d.dir\debug\uipageview.obj
c:\users\admin\desktop\vally\proj.win32\engine\cocos\core\cocos2d.dir\debug\uri.obj
c:\users\admin\desktop\vally\proj.win32\engine\cocos\core\cocos2d.dir\debug\triggerbase.obj
c:\users\admin\desktop\vally\proj.win32\engine\cocos\core\cocos2d.dir\debug\particle3dreader.obj
c:\users\admin\desktop\vally\proj.win32\engine\cocos\core\cocos2d.dir\debug\cctimeline.obj
c:\users\admin\desktop\vally\proj.win32\engine\cocos\core\cocos2d.dir\debug\ccskinnode.obj
c:\users\admin\desktop\vally\proj.win32\engine\cocos\core\cocos2d.dir\debug\armaturenodereader.obj
c:\users\admin\desktop\vally\proj.win32\engine\cocos\core\cocos2d.dir\debug\ccpurenderertranslator.obj
c:\users\admin\desktop\vally\proj.win32\engine\cocos\core\cocos2d.dir\debug\ccpuflockcenteringaffector.obj
c:\users\admin\desktop\vally\proj.win32\engine\cocos\core\cocos2d.dir\debug\ccpujetaffectortranslator.obj
c:\users\admin\desktop\vally\proj.win32\engine\cocos\core\cocos2d.dir\debug\ccpuscaleaffectortranslator.obj
c:\users\admin\desktop\vally\proj.win32\engine\cocos\core\cocos2d.dir\debug\ccpuboxemitter.obj
c:\users\admin\desktop\vally\proj.win32\engine\cocos\core\cocos2d.dir\debug\ccpuslaveemittertranslator.obj
c:\users\admin\desktop\vally\proj.win32\engine\cocos\core\cocos2d.dir\debug\ccpudofreezeeventhandlertranslator.obj
c:\users\admin\desktop\vally\proj.win32\engine\cocos\core\cocos2d.dir\debug\ccpuonrandomobservertranslator.obj
c:\users\admin\desktop\vally\proj.win32\engine\cocos\core\cocos2d.dir\debug\ccactioninstant.obj
c:\users\admin\desktop\vally\proj.win32\engine\cocos\core\cocos2d.dir\debug\cccamerabackgroundbrush.obj
c:\users\admin\desktop\vally\proj.win32\engine\cocos\core\cocos2d.dir\debug\ccparticlesystemquad.obj
c:\users\admin\desktop\vally\proj.win32\engine\cocos\core\cocos2d.dir\debug\cctextfieldttf.obj
c:\users\admin\desktop\vally\proj.win32\engine\cocos\core\cocos2d.dir\debug\cctmxobjectgroup.obj
c:\users\admin\desktop\vally\proj.win32\engine\cocos\core\cocos2d.dir\debug\ccbillboard.obj
c:\users\admin\desktop\vally\proj.win32\engine\cocos\core\cocos2d.dir\debug\ccmeshskin.obj
c:\users\admin\desktop\vally\proj.win32\engine\cocos\core\cocos2d.dir\debug\ccutils-win32.obj
c:\users\admin\desktop\vally\proj.win32\engine\cocos\core\cocos2d.dir\debug\ccdevice-win32.obj
c:\users\admin\desktop\vally\proj.win32\engine\cocos\core\cocos2d.dir\debug\ccphysicsbody.obj
c:\users\admin\desktop\vally\proj.win32\engine\cocos\core\cocos2d.dir\debug\ccphysics3ddebugdrawer.obj
c:\users\admin\desktop\vally\proj.win32\engine\cocos\core\cocos2d.dir\debug\texture.obj
c:\users\admin\desktop\vally\proj.win32\engine\cocos\core\cocos2d.dir\debug\buffergl.obj
c:\users\admin\desktop\vally\proj.win32\engine\cocos\core\cocos2d.dir\debug\ccasynctaskpool.obj
c:\users\admin\desktop\vally\proj.win32\engine\cocos\core\cocos2d.dir\debug\cceventcontroller.obj
c:\users\admin\desktop\vally\proj.win32\engine\cocos\core\cocos2d.dir\debug\cceventkeyboard.obj
c:\users\admin\desktop\vally\proj.win32\engine\cocos\core\cocos2d.dir\debug\cceventmouse.obj
c:\users\admin\desktop\vally\proj.win32\engine\cocos\core\cocos2d.dir\debug\ccns.obj
c:\users\admin\desktop\vally\proj.win32\engine\cocos\core\cocos2d.dir\debug\ccfpsimages.obj
c:\users\admin\desktop\vally\proj.win32\engine\cocos\core\cocos2d.dir\debug\pvr.obj
c:\users\admin\desktop\vally\proj.win32\engine\cocos\core\cocos2d.dir\debug\audiodecoder.obj
c:\users\admin\desktop\vally\proj.win32\engine\cocos\core\cocos2d.dir\debug\uibutton.obj
c:\users\admin\desktop\vally\proj.win32\engine\cocos\core\cocos2d.dir\debug\uilayoutmanager.obj
c:\users\admin\desktop\vally\proj.win32\engine\cocos\core\cocos2d.dir\debug\uiscrollview.obj
c:\users\admin\desktop\vally\proj.win32\engine\cocos\core\cocos2d.dir\debug\ccactionnode.obj
c:\users\admin\desktop\vally\proj.win32\engine\cocos\core\cocos2d.dir\debug\cccomrender.obj
c:\users\admin\desktop\vally\proj.win32\engine\cocos\core\cocos2d.dir\debug\widgetreader.obj
c:\users\admin\desktop\vally\proj.win32\engine\cocos\core\cocos2d.dir\debug\textbmfontreader.obj
c:\users\admin\desktop\vally\proj.win32\engine\cocos\core\cocos2d.dir\debug\cccontrolbutton.obj
c:\users\admin\desktop\vally\proj.win32\engine\cocos\core\cocos2d.dir\debug\ccpumaterialmanager.obj
c:\users\admin\desktop\vally\proj.win32\engine\cocos\core\cocos2d.dir\debug\ccpuboxcollider.obj
c:\users\admin\desktop\vally\proj.win32\engine\cocos\core\cocos2d.dir\debug\ccpugeometryrotator.obj
c:\users\admin\desktop\vally\proj.win32\engine\cocos\core\cocos2d.dir\debug\ccpuplanecollider.obj
c:\users\admin\desktop\vally\proj.win32\engine\cocos\core\cocos2d.dir\debug\ccpusineforceaffectortranslator.obj
c:\users\admin\desktop\vally\proj.win32\engine\cocos\core\cocos2d.dir\debug\ccpumeshsurfaceemitter.obj
c:\users\admin\desktop\vally\proj.win32\engine\cocos\core\cocos2d.dir\debug\ccpudoenablecomponenteventhandler.obj
c:\users\admin\desktop\vally\proj.win32\engine\cocos\core\cocos2d.dir\debug\ccpuobservertranslator.obj
c:\users\admin\desktop\vally\proj.win32\engine\cocos\core\cocos2d.dir\debug\ccpuonpositionobservertranslator.obj
c:\users\admin\desktop\vally\proj.win32\engine\cocos\core\cocos2d.dir\debug\ccactiontween.obj
c:\users\admin\desktop\vally\proj.win32\engine\cocos\core\cocos2d.dir\debug\ccclippingrectanglenode.obj
c:\users\admin\desktop\vally\proj.win32\engine\cocos\core\cocos2d.dir\debug\cclabeltextformatter.obj
c:\users\admin\desktop\vally\proj.win32\engine\cocos\core\cocos2d.dir\debug\ccfrustum.obj
c:\users\admin\desktop\vally\proj.win32\engine\cocos\core\cocos2d.dir\debug\ccplane.obj
c:\users\admin\desktop\vally\proj.win32\engine\cocos\core\cocos2d.dir\debug\ccskybox.obj
c:\users\admin\desktop\vally\proj.win32\engine\cocos\core\cocos2d.dir\debug\cccommon-win32.obj
c:\users\admin\desktop\vally\proj.win32\engine\cocos\core\cocos2d.dir\debug\ccfileutils.obj
c:\users\admin\desktop\vally\proj.win32\engine\cocos\core\cocos2d.dir\debug\uiimageview.obj
c:\users\admin\desktop\vally\proj.win32\engine\cocos\core\cocos2d.dir\debug\uirelativebox.obj
c:\users\admin\desktop\vally\proj.win32\engine\cocos\core\cocos2d.dir\debug\uivbox.obj
c:\users\admin\desktop\vally\proj.win32\engine\cocos\core\cocos2d.dir\debug\socketio.obj
c:\users\admin\desktop\vally\proj.win32\engine\cocos\core\cocos2d.dir\debug\ccdatas.obj
c:\users\admin\desktop\vally\proj.win32\engine\cocos\core\cocos2d.dir\debug\nodereader.obj
c:\users\admin\desktop\vally\proj.win32\engine\cocos\core\cocos2d.dir\debug\pageviewreader.obj
c:\users\admin\desktop\vally\proj.win32\engine\cocos\core\cocos2d.dir\debug\light3dreader.obj
c:\users\admin\desktop\vally\proj.win32\engine\cocos\core\cocos2d.dir\debug\cceventlistenerassetsmanagerex.obj
c:\users\admin\desktop\vally\proj.win32\engine\cocos\core\cocos2d.dir\debug\ccpudynamicattribute.obj
c:\users\admin\desktop\vally\proj.win32\engine\cocos\core\cocos2d.dir\debug\ccpusimplespline.obj
c:\users\admin\desktop\vally\proj.win32\engine\cocos\core\cocos2d.dir\debug\ccpualignaffectortranslator.obj
c:\users\admin\desktop\vally\proj.win32\engine\cocos\core\cocos2d.dir\debug\ccpucollisionavoidanceaffectortranslator.obj
c:\users\admin\desktop\vally\proj.win32\engine\cocos\core\cocos2d.dir\debug\ccpulineaffectortranslator.obj
c:\users\admin\desktop\vally\proj.win32\engine\cocos\core\cocos2d.dir\debug\ccpuspherecollider.obj
c:\users\admin\desktop\vally\proj.win32\engine\cocos\core\cocos2d.dir\debug\ccpucircleemittertranslator.obj
c:\users\admin\desktop\vally\proj.win32\engine\cocos\core\cocos2d.dir\debug\ccpurender.obj
c:\users\admin\desktop\vally\proj.win32\engine\cocos\core\cocos2d.dir\debug\ccpuonclearobserver.obj
c:\users\admin\desktop\vally\proj.win32\engine\cocos\core\cocos2d.dir\debug\ccpuonemissionobservertranslator.obj
c:\users\admin\desktop\vally\proj.win32\engine\cocos\core\cocos2d.dir\debug\ccactioncamera.obj
c:\users\admin\desktop\vally\proj.win32\engine\cocos\core\cocos2d.dir\debug\ccclippingnode.obj
c:\users\admin\desktop\vally\proj.win32\engine\cocos\core\cocos2d.dir\debug\ccnode.obj
c:\users\admin\desktop\vally\proj.win32\engine\cocos\core\cocos2d.dir\debug\cc3dprograminfo.obj
c:\users\admin\desktop\vally\proj.win32\engine\cocos\core\cocos2d.dir\debug\ccsaxparser.obj
c:\users\admin\desktop\vally\proj.win32\engine\cocos\core\cocos2d.dir\debug\ccphysics3d.obj
c:\users\admin\desktop\vally\proj.win32\engine\cocos\core\cocos2d.dir\debug\cctextureatlas.obj
c:\users\admin\desktop\vally\proj.win32\engine\cocos\core\cocos2d.dir\debug\types.obj
c:\users\admin\desktop\vally\proj.win32\engine\cocos\core\cocos2d.dir\debug\commandbuffergl.obj
c:\users\admin\desktop\vally\proj.win32\engine\cocos\core\cocos2d.dir\debug\ccninepatchimageparser.obj
c:\users\admin\desktop\vally\proj.win32\engine\cocos\core\cocos2d.dir\debug\cceventlistenertouch.obj
c:\users\admin\desktop\vally\proj.win32\engine\cocos\core\cocos2d.dir\debug\ccuserdefault.obj
c:\users\admin\desktop\vally\proj.win32\engine\cocos\core\cocos2d.dir\debug\cctypes.obj
c:\users\admin\desktop\vally\proj.win32\engine\cocos\core\cocos2d.dir\debug\audiocache.obj
c:\users\admin\desktop\vally\proj.win32\engine\cocos\core\cocos2d.dir\debug\uihelper.obj
c:\users\admin\desktop\vally\proj.win32\engine\cocos\core\cocos2d.dir\debug\uiwidget.obj
c:\users\admin\desktop\vally\proj.win32\engine\cocos\core\cocos2d.dir\debug\ccdatareaderhelper.obj
c:\users\admin\desktop\vally\proj.win32\engine\cocos\core\cocos2d.dir\debug\checkboxreader.obj
c:\users\admin\desktop\vally\proj.win32\engine\cocos\core\cocos2d.dir\debug\gamenode3dreader.obj
c:\users\admin\desktop\vally\proj.win32\engine\cocos\core\cocos2d.dir\debug\manifest.obj
c:\users\admin\desktop\vally\proj.win32\engine\cocos\core\cocos2d.dir\debug\ccpuutil.obj
c:\users\admin\desktop\vally\proj.win32\engine\cocos\core\cocos2d.dir\debug\ccpuparticlesystem3d.obj
c:\users\admin\desktop\vally\proj.win32\engine\cocos\core\cocos2d.dir\debug\ccputextureanimatortranslator.obj
c:\users\admin\desktop\vally\proj.win32\engine\cocos\core\cocos2d.dir\debug\ccpupointemitter.obj
c:\users\admin\desktop\vally\proj.win32\engine\cocos\core\cocos2d.dir\debug\ccpuribbontrail.obj
c:\users\admin\desktop\vally\proj.win32\engine\cocos\core\cocos2d.dir\debug\ccpuobserver.obj
c:\users\admin\desktop\vally\proj.win32\engine\cocos\core\cocos2d.dir\debug\ccpuonvelocityobserver.obj
c:\users\admin\desktop\vally\proj.win32\engine\cocos\core\cocos2d.dir\debug\ccanimation.obj
c:\users\admin\desktop\vally\proj.win32\engine\cocos\core\cocos2d.dir\debug\ccfontfnt.obj
c:\users\admin\desktop\vally\proj.win32\engine\cocos\core\cocos2d.dir\debug\ccaabb.obj
c:\users\admin\desktop\vally\proj.win32\engine\cocos\core\cocos2d.dir\debug\ccbundlereader.obj
c:\users\admin\desktop\vally\proj.win32\engine\cocos\core\cocos2d.dir\debug\ccobjloader.obj
c:\users\admin\desktop\vally\proj.win32\engine\cocos\core\cocos2d.dir\debug\ccgeometry.obj
c:\users\admin\desktop\vally\proj.win32\engine\cocos\core\cocos2d.dir\debug\quaternion.obj
c:\users\admin\desktop\vally\proj.win32\engine\cocos\core\cocos2d.dir\debug\vec3.obj
c:\users\admin\desktop\vally\proj.win32\engine\cocos\core\cocos2d.dir\debug\ccnavmeshobstacle.obj
c:\users\admin\desktop\vally\proj.win32\engine\cocos\core\cocos2d.dir\debug\ccrenderstate.obj
c:\users\admin\desktop\vally\proj.win32\engine\cocos\core\cocos2d.dir\debug\depthstencilstate.obj
c:\users\admin\desktop\vally\proj.win32\engine\cocos\core\cocos2d.dir\debug\devicegl.obj
c:\users\admin\desktop\vally\proj.win32\engine\cocos\core\cocos2d.dir\debug\cccontroller.obj
c:\users\admin\desktop\vally\proj.win32\engine\cocos\core\cocos2d.dir\debug\cceventlistenermouse.obj
c:\users\admin\desktop\vally\proj.win32\engine\cocos\core\cocos2d.dir\debug\ccscheduler.obj
c:\users\admin\desktop\vally\proj.win32\engine\cocos\core\cocos2d.dir\debug\uieditboximpl-win32.obj
c:\users\admin\desktop\vally\proj.win32\engine\cocos\core\cocos2d.dir\debug\uirichtext.obj
c:\users\admin\desktop\vally\proj.win32\engine\cocos\core\cocos2d.dir\debug\cctween.obj
c:\users\admin\desktop\vally\proj.win32\engine\cocos\core\cocos2d.dir\debug\particlereader.obj
c:\users\admin\desktop\vally\proj.win32\engine\cocos\core\cocos2d.dir\debug\sliderreader.obj
c:\users\admin\desktop\vally\proj.win32\engine\cocos\core\cocos2d.dir\debug\ccactiontimelinecache.obj
c:\users\admin\desktop\vally\proj.win32\engine\cocos\core\cocos2d.dir\debug\ccpuaffectortranslator.obj
c:\users\admin\desktop\vally\proj.win32\engine\cocos\core\cocos2d.dir\debug\ccpuforcefieldaffector.obj
c:\users\admin\desktop\vally\proj.win32\engine\cocos\core\cocos2d.dir\debug\ccpulinearforceaffectortranslator.obj
c:\users\admin\desktop\vally\proj.win32\engine\cocos\core\cocos2d.dir\debug\ccputexturerotator.obj
c:\users\admin\desktop\vally\proj.win32\engine\cocos\core\cocos2d.dir\debug\ccpulineemittertranslator.obj
c:\users\admin\desktop\vally\proj.win32\engine\cocos\core\cocos2d.dir\debug\ccpuribbontrailrender.obj
c:\users\admin\desktop\vally\proj.win32\engine\cocos\core\cocos2d.dir\debug\ccpueventhandler.obj
c:\users\admin\desktop\vally\proj.win32\engine\cocos\core\cocos2d.dir\debug\ccpuonexpireobservertranslator.obj
c:\users\admin\desktop\vally\proj.win32\engine\cocos\core\cocos2d.dir\debug\ccactioncatmullrom.obj
c:\users\admin\desktop\vally\proj.win32\engine\cocos\core\cocos2d.dir\debug\ccfont.obj
c:\users\admin\desktop\vally\proj.win32\engine\cocos\core\cocos2d.dir\debug\ccgrid.obj
c:\users\admin\desktop\vally\proj.win32\engine\cocos\core\cocos2d.dir\debug\ccscene.obj
c:\users\admin\desktop\vally\proj.win32\engine\cocos\core\cocos2d.dir\debug\ccanimate3d.obj
c:\users\admin\desktop\vally\proj.win32\engine\cocos\core\cocos2d.dir\debug\ccphysics3dobject.obj
c:\users\admin\desktop\vally\proj.win32\engine\cocos\core\cocos2d.dir\debug\device.obj
c:\users\admin\desktop\vally\proj.win32\engine\cocos\core\cocos2d.dir\debug\programgl.obj
c:\users\admin\desktop\vally\proj.win32\engine\cocos\core\cocos2d.dir\debug\ccref.obj
c:\users\admin\desktop\vally\proj.win32\engine\cocos\core\cocos2d.dir\debug\cctouch.obj
c:\users\admin\desktop\vally\proj.win32\engine\cocos\core\cocos2d.dir\debug\cccarray.obj
c:\users\admin\desktop\vally\proj.win32\engine\cocos\core\cocos2d.dir\debug\s3tc.obj
c:\users\admin\desktop\vally\proj.win32\engine\cocos\core\cocos2d.dir\debug\audioplayer.obj
c:\users\admin\desktop\vally\proj.win32\engine\cocos\core\cocos2d.dir\debug\uilayout.obj
c:\users\admin\desktop\vally\proj.win32\engine\cocos\core\cocos2d.dir\debug\ccarmaturedefine.obj
c:\users\admin\desktop\vally\proj.win32\engine\cocos\core\cocos2d.dir\debug\ccbatchnode.obj
c:\users\admin\desktop\vally\proj.win32\engine\cocos\core\cocos2d.dir\debug\ccinputdelegate.obj
c:\users\admin\desktop\vally\proj.win32\engine\cocos\core\cocos2d.dir\debug\singlenodereader.obj
c:\users\admin\desktop\vally\proj.win32\engine\cocos\core\cocos2d.dir\debug\listviewreader.obj
c:\users\admin\desktop\vally\proj.win32\engine\cocos\core\cocos2d.dir\debug\scrollviewreader.obj
c:\users\admin\desktop\vally\proj.win32\engine\cocos\core\cocos2d.dir\debug\cccontrolsaturationbrightnesspicker.obj
c:\users\admin\desktop\vally\proj.win32\engine\cocos\core\cocos2d.dir\debug\cctableview.obj
c:\users\admin\desktop\vally\proj.win32\engine\cocos\core\cocos2d.dir\debug\ccpuscripttranslator.obj
c:\users\admin\desktop\vally\proj.win32\engine\cocos\core\cocos2d.dir\debug\ccpuforcefieldaffectortranslator.obj
c:\users\admin\desktop\vally\proj.win32\engine\cocos\core\cocos2d.dir\debug\ccpuparticlefollowertranslator.obj
c:\users\admin\desktop\vally\proj.win32\engine\cocos\core\cocos2d.dir\debug\ccpuspherecollidertranslator.obj
c:\users\admin\desktop\vally\proj.win32\engine\cocos\core\cocos2d.dir\debug\ccpuemittermanager.obj
c:\users\admin\desktop\vally\proj.win32\engine\cocos\core\cocos2d.dir\debug\ccpubeamrender.obj
c:\users\admin\desktop\vally\proj.win32\engine\cocos\core\cocos2d.dir\debug\ccpudostopsystemeventhandlertranslator.obj
c:\users\admin\desktop\vally\proj.win32\engine\cocos\core\cocos2d.dir\debug\ccpuoncountobservertranslator.obj
c:\users\admin\desktop\vally\proj.win32\engine\cocos\core\cocos2d.dir\debug\ccpuslavebehaviour.obj
c:\users\admin\desktop\vally\proj.win32\engine\cocos\core\cocos2d.dir\debug\ccactiontiledgrid.obj
c:\users\admin\desktop\vally\proj.win32\engine\cocos\core\cocos2d.dir\debug\ccdrawnode.obj
c:\users\admin\desktop\vally\proj.win32\engine\cocos\core\cocos2d.dir\debug\cclabel.obj
c:\users\admin\desktop\vally\proj.win32\engine\cocos\core\cocos2d.dir\debug\ccanimation3d.obj
c:\users\admin\desktop\vally\proj.win32\engine\cocos\core\cocos2d.dir\debug\ccglviewimpl-desktop.obj
c:\users\admin\desktop\vally\proj.win32\engine\cocos\core\cocos2d.dir\debug\ccaffinetransform.obj
c:\users\admin\desktop\vally\proj.win32\engine\cocos\core\cocos2d.dir\debug\ccvertex.obj
c:\users\admin\desktop\vally\proj.win32\engine\cocos\core\cocos2d.dir\debug\mathutil.obj
c:\users\admin\desktop\vally\proj.win32\engine\cocos\core\cocos2d.dir\debug\transformutils.obj
c:\users\admin\desktop\vally\proj.win32\engine\cocos\core\cocos2d.dir\debug\vec4.obj
c:\users\admin\desktop\vally\proj.win32\engine\cocos\core\cocos2d.dir\debug\ccnavmeshdebugdraw.obj
c:\users\admin\desktop\vally\proj.win32\engine\cocos\core\cocos2d.dir\debug\commandbuffer.obj
c:\users\admin\desktop\vally\proj.win32\engine\cocos\core\cocos2d.dir\debug\depthstencilstategl.obj
c:\users\admin\desktop\vally\proj.win32\engine\cocos\core\cocos2d.dir\debug\ccconfiguration.obj
c:\users\admin\desktop\vally\proj.win32\engine\cocos\core\cocos2d.dir\debug\ccimedispatcher.obj
c:\users\admin\desktop\vally\proj.win32\engine\cocos\core\cocos2d.dir\debug\ziputils.obj
c:\users\admin\desktop\vally\proj.win32\engine\cocos\core\cocos2d.dir\debug\audiodecoderogg.obj
c:\users\admin\desktop\vally\proj.win32\engine\cocos\core\cocos2d.dir\debug\uihbox.obj
c:\users\admin\desktop\vally\proj.win32\engine\cocos\core\cocos2d.dir\debug\uilayoutparameter.obj
c:\users\admin\desktop\vally\proj.win32\engine\cocos\core\cocos2d.dir\debug\uiscale9sprite.obj
c:\users\admin\desktop\vally\proj.win32\engine\cocos\core\cocos2d.dir\debug\uitextatlas.obj
c:\users\admin\desktop\vally\proj.win32\engine\cocos\core\cocos2d.dir\debug\uitabcontrol.obj
c:\users\admin\desktop\vally\proj.win32\engine\cocos\core\cocos2d.dir\debug\ccbone.obj
c:\users\admin\desktop\vally\proj.win32\engine\cocos\core\cocos2d.dir\debug\ccspriteframecachehelper.obj
c:\users\admin\desktop\vally\proj.win32\engine\cocos\core\cocos2d.dir\debug\triggerobj.obj
c:\users\admin\desktop\vally\proj.win32\engine\cocos\core\cocos2d.dir\debug\bonenodereader.obj
c:\users\admin\desktop\vally\proj.win32\engine\cocos\core\cocos2d.dir\debug\ccframe.obj
c:\users\admin\desktop\vally\proj.win32\engine\cocos\core\cocos2d.dir\debug\ccskeletonnode.obj
c:\users\admin\desktop\vally\proj.win32\engine\cocos\core\cocos2d.dir\debug\cccontrolstepper.obj
c:\users\admin\desktop\vally\proj.win32\engine\cocos\core\cocos2d.dir\debug\ccphysicssprite.obj
c:\users\admin\desktop\vally\proj.win32\engine\cocos\core\cocos2d.dir\debug\ccpumaterialtranslator.obj
c:\users\admin\desktop\vally\proj.win32\engine\cocos\core\cocos2d.dir\debug\ccpusphere.obj
c:\users\admin\desktop\vally\proj.win32\engine\cocos\core\cocos2d.dir\debug\ccpuaffector.obj
c:\users\admin\desktop\vally\proj.win32\engine\cocos\core\cocos2d.dir\debug\ccpubasecollidertranslator.obj
c:\users\admin\desktop\vally\proj.win32\engine\cocos\core\cocos2d.dir\debug\ccpugeometryrotatortranslator.obj
c:\users\admin\desktop\vally\proj.win32\engine\cocos\core\cocos2d.dir\debug\ccpurandomiser.obj
c:\users\admin\desktop\vally\proj.win32\engine\cocos\core\cocos2d.dir\debug\ccputexturerotatortranslator.obj
c:\users\admin\desktop\vally\proj.win32\engine\cocos\core\cocos2d.dir\debug\ccpumeshsurfaceemittertranslator.obj
c:\users\admin\desktop\vally\proj.win32\engine\cocos\core\cocos2d.dir\debug\ccpudoaffectoreventhandler.obj
c:\users\admin\desktop\vally\proj.win32\engine\cocos\core\cocos2d.dir\debug\ccpuobservermanager.obj
c:\users\admin\desktop\vally\proj.win32\engine\cocos\core\cocos2d.dir\debug\ccpuonquotaobserver.obj
c:\users\admin\desktop\vally\proj.win32\engine\cocos\core\cocos2d.dir\debug\ccanimationcache.obj
c:\users\admin\desktop\vally\proj.win32\engine\cocos\core\cocos2d.dir\debug\cclayer.obj
c:\users\admin\desktop\vally\proj.win32\engine\cocos\core\cocos2d.dir\debug\ccparticlesystem.obj
c:\users\admin\desktop\vally\proj.win32\engine\cocos\core\cocos2d.dir\debug\cctransition.obj
c:\users\admin\desktop\vally\proj.win32\engine\cocos\core\cocos2d.dir\debug\ccphysicsworld.obj
c:\users\admin\desktop\vally\proj.win32\engine\cocos\core\cocos2d.dir\debug\ccnavmeshutils.obj
c:\users\admin\desktop\vally\proj.win32\engine\cocos\core\cocos2d.dir\debug\cccustomcommand.obj
c:\users\admin\desktop\vally\proj.win32\engine\cocos\core\cocos2d.dir\debug\ccrendercommand.obj
c:\users\admin\desktop\vally\proj.win32\engine\cocos\core\cocos2d.dir\debug\cctexturecube.obj
c:\users\admin\desktop\vally\proj.win32\engine\cocos\core\cocos2d.dir\debug\programstate.obj
c:\users\admin\desktop\vally\proj.win32\engine\cocos\core\cocos2d.dir\debug\tgalib.obj
c:\users\admin\desktop\vally\proj.win32\engine\cocos\core\cocos2d.dir\debug\ccrandom.obj
c:\users\admin\desktop\vally\proj.win32\engine\cocos\core\cocos2d.dir\debug\audioengine.obj
c:\users\admin\desktop\vally\proj.win32\engine\cocos\core\cocos2d.dir\debug\uieditbox.obj
c:\users\admin\desktop\vally\proj.win32\engine\cocos\core\cocos2d.dir\debug\websocket.obj
c:\users\admin\desktop\vally\proj.win32\engine\cocos\core\cocos2d.dir\debug\ccdecorativedisplay.obj
c:\users\admin\desktop\vally\proj.win32\engine\cocos\core\cocos2d.dir\debug\ccsscenereader.obj
c:\users\admin\desktop\vally\proj.win32\engine\cocos\core\cocos2d.dir\debug\sprite3dreader.obj
c:\users\admin\desktop\vally\proj.win32\engine\cocos\core\cocos2d.dir\debug\ccbonenode.obj
c:\users\admin\desktop\vally\proj.win32\engine\cocos\core\cocos2d.dir\debug\cccontrol.obj
c:\users\admin\desktop\vally\proj.win32\engine\cocos\core\cocos2d.dir\debug\ccpunoise.obj
c:\users\admin\desktop\vally\proj.win32\engine\cocos\core\cocos2d.dir\debug\ccpuscriptcompiler.obj
c:\users\admin\desktop\vally\proj.win32\engine\cocos\core\cocos2d.dir\debug\ccpujetaffector.obj
c:\users\admin\desktop\vally\proj.win32\engine\cocos\core\cocos2d.dir\debug\ccpuplanecollidertranslator.obj
c:\users\admin\desktop\vally\proj.win32\engine\cocos\core\cocos2d.dir\debug\ccpuboxemittertranslator.obj
c:\users\admin\desktop\vally\proj.win32\engine\cocos\core\cocos2d.dir\debug\ccpuvertexemitter.obj
c:\users\admin\desktop\vally\proj.win32\engine\cocos\core\cocos2d.dir\debug\ccpudoenablecomponenteventhandlertranslator.obj
c:\users\admin\desktop\vally\proj.win32\engine\cocos\core\cocos2d.dir\debug\ccpuonclearobservertranslator.obj
c:\users\admin\desktop\vally\proj.win32\engine\cocos\core\cocos2d.dir\debug\ccpuontimeobserver.obj
c:\users\admin\desktop\vally\proj.win32\engine\cocos\core\cocos2d.dir\debug\ccactionease.obj
c:\users\admin\desktop\vally\proj.win32\engine\cocos\core\cocos2d.dir\debug\ccfontcharmap.obj
c:\users\admin\desktop\vally\proj.win32\engine\cocos\core\cocos2d.dir\debug\ccmotionstreak.obj
c:\users\admin\desktop\vally\proj.win32\engine\cocos\core\cocos2d.dir\debug\ccspritebatchnode.obj
c:\users\admin\desktop\vally\proj.win32\engine\cocos\core\cocos2d.dir\debug\cctransitionpageturn.obj
c:\users\admin\desktop\vally\proj.win32\engine\cocos\core\cocos2d.dir\debug\ccobb.obj
c:\users\admin\desktop\vally\proj.win32\engine\cocos\core\cocos2d.dir\debug\ccsprite3dmaterial.obj
c:\users\admin\desktop\vally\proj.win32\engine\cocos\core\cocos2d.dir\debug\ccphysicscontact.obj
c:\users\admin\desktop\vally\proj.win32\engine\cocos\core\cocos2d.dir\debug\ccphysics3dshape.obj
c:\users\admin\desktop\vally\proj.win32\engine\cocos\core\cocos2d.dir\debug\cctexture2d.obj
c:\users\admin\desktop\vally\proj.win32\engine\cocos\core\cocos2d.dir\debug\ccautoreleasepool.obj
c:\users\admin\desktop\vally\proj.win32\engine\cocos\core\cocos2d.dir\debug\cceventlistener.obj
c:\users\admin\desktop\vally\proj.win32\engine\cocos\core\cocos2d.dir\debug\cceventtouch.obj
c:\users\admin\desktop\vally\proj.win32\engine\cocos\core\cocos2d.dir\debug\ccscriptsupport.obj
c:\users\admin\desktop\vally\proj.win32\engine\cocos\core\cocos2d.dir\debug\ccstencilstatemanager.obj
c:\users\admin\desktop\vally\proj.win32\engine\cocos\core\cocos2d.dir\debug\mciplayer.obj
c:\users\admin\desktop\vally\proj.win32\engine\cocos\core\cocos2d.dir\debug\audiodecodermp3.obj
c:\users\admin\desktop\vally\proj.win32\engine\cocos\core\cocos2d.dir\debug\uiradiobutton.obj
c:\users\admin\desktop\vally\proj.win32\engine\cocos\core\cocos2d.dir\debug\uitext.obj
c:\users\admin\desktop\vally\proj.win32\engine\cocos\core\cocos2d.dir\debug\simpleaudioengine.obj
c:\users\admin\desktop\vally\proj.win32\engine\cocos\core\cocos2d.dir\debug\ccactionobject.obj
c:\users\admin\desktop\vally\proj.win32\engine\cocos\core\cocos2d.dir\debug\cccomaudio.obj
c:\users\admin\desktop\vally\proj.win32\engine\cocos\core\cocos2d.dir\debug\ccdisplaymanager.obj
c:\users\admin\desktop\vally\proj.win32\engine\cocos\core\cocos2d.dir\debug\flatbuffersserialize.obj
c:\users\admin\desktop\vally\proj.win32\engine\cocos\core\cocos2d.dir\debug\assetsmanager.obj
c:\users\admin\desktop\vally\proj.win32\engine\cocos\core\cocos2d.dir\debug\cccontrolutils.obj
c:\users\admin\desktop\vally\proj.win32\engine\cocos\core\cocos2d.dir\debug\cctableviewcell.obj
c:\users\admin\desktop\vally\proj.win32\engine\cocos\core\cocos2d.dir\debug\ccparticle3demitter.obj
c:\users\admin\desktop\vally\proj.win32\engine\cocos\core\cocos2d.dir\debug\ccparticlesystem3d.obj
c:\users\admin\desktop\vally\proj.win32\engine\cocos\core\cocos2d.dir\debug\ccpuscriptlexer.obj
c:\users\admin\desktop\vally\proj.win32\engine\cocos\core\cocos2d.dir\debug\ccpuaffectormanager.obj
c:\users\admin\desktop\vally\proj.win32\engine\cocos\core\cocos2d.dir\debug\ccpucollisionavoidanceaffector.obj
c:\users\admin\desktop\vally\proj.win32\engine\cocos\core\cocos2d.dir\debug\ccpugravityaffectortranslator.obj
c:\users\admin\desktop\vally\proj.win32\engine\cocos\core\cocos2d.dir\debug\ccpurandomisertranslator.obj
c:\users\admin\desktop\vally\proj.win32\engine\cocos\core\cocos2d.dir\debug\ccpucircleemitter.obj
c:\users\admin\desktop\vally\proj.win32\engine\cocos\core\cocos2d.dir\debug\ccpupositionemitter.obj
c:\users\admin\desktop\vally\proj.win32\engine\cocos\core\cocos2d.dir\debug\ccpudoexpireeventhandlertranslator.obj
c:\users\admin\desktop\vally\proj.win32\engine\cocos\core\cocos2d.dir\debug\ccpueventhandlertranslator.obj
c:\users\admin\desktop\vally\proj.win32\engine\cocos\core\cocos2d.dir\debug\ccpuonexpireobserver.obj
c:\users\admin\desktop\vally\proj.win32\engine\cocos\core\cocos2d.dir\debug\ccpuonvelocityobservertranslator.obj
c:\users\admin\desktop\vally\proj.win32\engine\cocos\core\cocos2d.dir\debug\ccactionmanager.obj
c:\users\admin\desktop\vally\proj.win32\engine\cocos\core\cocos2d.dir\debug\ccfontatlas.obj
c:\users\admin\desktop\vally\proj.win32\engine\cocos\core\cocos2d.dir\debug\ccautopolygon.obj
c:\users\admin\desktop\vally\proj.win32\engine\cocos\core\cocos2d.dir\debug\ccskeleton3d.obj
c:\users\admin\desktop\vally\proj.win32\engine\cocos\core\cocos2d.dir\debug\inet_pton_mingw.obj
c:\users\admin\desktop\vally\proj.win32\engine\cocos\core\cocos2d.dir\debug\ccglview.obj
c:\users\admin\desktop\vally\proj.win32\engine\cocos\core\cocos2d.dir\debug\ccphysics3dconstraint.obj
c:\users\admin\desktop\vally\proj.win32\engine\cocos\core\cocos2d.dir\debug\ccmaterial.obj
c:\users\admin\desktop\vally\proj.win32\engine\cocos\core\cocos2d.dir\debug\shadermodulegl.obj
c:\users\admin\desktop\vally\proj.win32\engine\cocos\core\cocos2d.dir\debug\deviceinfogl.obj
c:\users\admin\desktop\vally\proj.win32\engine\cocos\core\cocos2d.dir\debug\ccevent.obj
c:\users\admin\desktop\vally\proj.win32\engine\cocos\core\cocos2d.dir\debug\cceventlistenercontroller.obj
c:\users\admin\desktop\vally\proj.win32\engine\cocos\core\cocos2d.dir\debug\atitc.obj
c:\users\admin\desktop\vally\proj.win32\engine\cocos\core\cocos2d.dir\debug\etc1.obj
c:\users\admin\desktop\vally\proj.win32\engine\cocos\core\cocos2d.dir\debug\audioengine-win32.obj
c:\users\admin\desktop\vally\proj.win32\engine\cocos\core\cocos2d.dir\debug\uitextfield.obj
c:\users\admin\desktop\vally\proj.win32\engine\cocos\core\cocos2d.dir\debug\ccactionframe.obj
c:\users\admin\desktop\vally\proj.win32\engine\cocos\core\cocos2d.dir\debug\ccarmature.obj
c:\users\admin\desktop\vally\proj.win32\engine\cocos\core\cocos2d.dir\debug\dictionaryhelper.obj
c:\users\admin\desktop\vally\proj.win32\engine\cocos\core\cocos2d.dir\debug\widgetcallbackhandlerprotocol.obj
c:\users\admin\desktop\vally\proj.win32\engine\cocos\core\cocos2d.dir\debug\gamemapreader.obj
c:\users\admin\desktop\vally\proj.win32\engine\cocos\core\cocos2d.dir\debug\textreader.obj
c:\users\admin\desktop\vally\proj.win32\engine\cocos\core\cocos2d.dir\debug\ccactiontimelinenode.obj
c:\users\admin\desktop\vally\proj.win32\engine\cocos\core\cocos2d.dir\debug\tabcontrolreader.obj
c:\users\admin\desktop\vally\proj.win32\engine\cocos\core\cocos2d.dir\debug\ccpuparticlesystem3dtranslator.obj
c:\users\admin\desktop\vally\proj.win32\engine\cocos\core\cocos2d.dir\debug\ccpucoloraffectortranslator.obj
c:\users\admin\desktop\vally\proj.win32\engine\cocos\core\cocos2d.dir\debug\ccpulinearforceaffector.obj
c:\users\admin\desktop\vally\proj.win32\engine\cocos\core\cocos2d.dir\debug\ccpuscalevelocityaffectortranslator.obj
c:\users\admin\desktop\vally\proj.win32\engine\cocos\core\cocos2d.dir\debug\ccpuemittertranslator.obj
c:\users\admin\desktop\vally\proj.win32\engine\cocos\core\cocos2d.dir\debug\ccpudoaffectoreventhandlertranslator.obj
c:\users\admin\desktop\vally\proj.win32\engine\cocos\core\cocos2d.dir\debug\ccpuoncollisionobserver.obj
c:\users\admin\desktop\vally\proj.win32\engine\cocos\core\cocos2d.dir\debug\ccpuonrandomobserver.obj
c:\users\admin\desktop\vally\proj.win32\engine\cocos\core\cocos2d.dir\debug\ccactioninterval.obj
c:\users\admin\desktop\vally\proj.win32\engine\cocos\core\cocos2d.dir\debug\cclight.obj
c:\users\admin\desktop\vally\proj.win32\engine\cocos\core\cocos2d.dir\debug\ccparticleexamples.obj
c:\users\admin\desktop\vally\proj.win32\engine\cocos\core\cocos2d.dir\debug\ccsprite.obj
c:\users\admin\desktop\vally\proj.win32\engine\cocos\core\cocos2d.dir\debug\cctmxtiledmap.obj
c:\users\admin\desktop\vally\proj.win32\engine\cocos\core\cocos2d.dir\debug\ccmeshvertexindexdata.obj
c:\users\admin\desktop\vally\proj.win32\engine\cocos\core\cocos2d.dir\debug\ccstdc-win32.obj
c:\users\admin\desktop\vally\proj.win32\engine\cocos\core\cocos2d.dir\debug\ccapplication-win32.obj
c:\users\admin\desktop\vally\proj.win32\engine\cocos\core\cocos2d.dir\debug\ccimage.obj
c:\users\admin\desktop\vally\proj.win32\engine\cocos\core\cocos2d.dir\debug\ccphysicssprite3d.obj
c:\users\admin\desktop\vally\proj.win32\engine\cocos\core\cocos2d.dir\debug\cctrianglescommand.obj
c:\users\admin\desktop\vally\proj.win32\engine\cocos\core\cocos2d.dir\debug\vertexlayout.obj
c:\users\admin\desktop\vally\proj.win32\engine\cocos\core\cocos2d.dir\debug\texturegl.obj
c:\users\admin\desktop\vally\proj.win32\engine\cocos\core\cocos2d.dir\debug\ccdata.obj
c:\users\admin\desktop\vally\proj.win32\engine\cocos\core\cocos2d.dir\debug\cceventlistenercustom.obj
c:\users\admin\desktop\vally\proj.win32\engine\cocos\core\cocos2d.dir\debug\ccproperties.obj
c:\users\admin\desktop\vally\proj.win32\engine\cocos\core\cocos2d.dir\debug\ccutf8.obj
c:\users\admin\desktop\vally\proj.win32\engine\cocos\core\cocos2d.dir\debug\uicheckbox.obj
c:\users\admin\desktop\vally\proj.win32\engine\cocos\core\cocos2d.dir\debug\uilistview.obj
c:\users\admin\desktop\vally\proj.win32\engine\cocos\core\cocos2d.dir\debug\uitextbmfont.obj
c:\users\admin\desktop\vally\proj.win32\engine\cocos\core\cocos2d.dir\debug\ccdownloader-curl.obj
c:\users\admin\desktop\vally\proj.win32\engine\cocos\core\cocos2d.dir\debug\cctransformhelp.obj
c:\users\admin\desktop\vally\proj.win32\engine\cocos\core\cocos2d.dir\debug\triggermng.obj
c:\users\admin\desktop\vally\proj.win32\engine\cocos\core\cocos2d.dir\debug\csloader.obj
c:\users\admin\desktop\vally\proj.win32\engine\cocos\core\cocos2d.dir\debug\ccpulineemitter.obj
c:\users\admin\desktop\vally\proj.win32\engine\cocos\core\cocos2d.dir\debug\ccpuspheresurfaceemitter.obj
c:\users\admin\desktop\vally\proj.win32\engine\cocos\core\cocos2d.dir\debug\ccpudoscaleeventhandler.obj
c:\users\admin\desktop\vally\proj.win32\engine\cocos\core\cocos2d.dir\debug\ccpuonemissionobserver.obj
c:\users\admin\desktop\vally\proj.win32\engine\cocos\core\cocos2d.dir\debug\ccpubehaviour.obj
c:\users\admin\desktop\vally\proj.win32\engine\cocos\core\cocos2d.dir\debug\ccactionprogresstimer.obj
c:\users\admin\desktop\vally\proj.win32\engine\cocos\core\cocos2d.dir\debug\cccomponent.obj
c:\users\admin\desktop\vally\proj.win32\engine\cocos\core\cocos2d.dir\debug\ccfontfreetype.obj
c:\users\admin\desktop\vally\proj.win32\engine\cocos\core\cocos2d.dir\debug\ccprotectednode.obj
c:\users\admin\desktop\vally\proj.win32\engine\cocos\core\cocos2d.dir\debug\cctmxlayer.obj
c:\users\admin\desktop\vally\proj.win32\engine\cocos\core\cocos2d.dir\debug\cctransitionprogress.obj
c:\users\admin\desktop\vally\proj.win32\engine\cocos\core\cocos2d.dir\debug\ccray.obj
c:\users\admin\desktop\vally\proj.win32\engine\cocos\core\cocos2d.dir\debug\ccsprite3d.obj
c:\users\admin\desktop\vally\proj.win32\engine\cocos\core\cocos2d.dir\debug\cccallbackcommand.obj
c:\users\admin\desktop\vally\proj.win32\engine\cocos\core\cocos2d.dir\debug\ccpass.obj
c:\users\admin\desktop\vally\proj.win32\engine\cocos\core\cocos2d.dir\debug\ccshaders.obj
c:\users\admin\desktop\vally\proj.win32\engine\cocos\core\cocos2d.dir\debug\renderpassdescriptor.obj
c:\users\admin\desktop\vally\proj.win32\engine\cocos\core\cocos2d.dir\debug\utilsgl.obj
c:\users\admin\desktop\vally\proj.win32\engine\cocos\core\cocos2d.dir\debug\cceventdispatcher.obj
c:\users\admin\desktop\vally\proj.win32\engine\cocos\core\cocos2d.dir\debug\uislider.obj
c:\users\admin\desktop\vally\proj.win32\engine\cocos\core\cocos2d.dir\debug\uilayoutcomponent.obj
c:\users\admin\desktop\vally\proj.win32\engine\cocos\core\cocos2d.dir\debug\ccactionmanagerex.obj
c:\users\admin\desktop\vally\proj.win32\engine\cocos\core\cocos2d.dir\debug\cccomattribute.obj
c:\users\admin\desktop\vally\proj.win32\engine\cocos\core\cocos2d.dir\debug\ccskin.obj
c:\users\admin\desktop\vally\proj.win32\engine\cocos\core\cocos2d.dir\debug\spritereader.obj
c:\users\admin\desktop\vally\proj.win32\engine\cocos\core\cocos2d.dir\debug\textfieldreader.obj
c:\users\admin\desktop\vally\proj.win32\engine\cocos\core\cocos2d.dir\debug\imageviewreader.obj
c:\users\admin\desktop\vally\proj.win32\engine\cocos\core\cocos2d.dir\debug\cceventassetsmanagerex.obj
c:\users\admin\desktop\vally\proj.win32\engine\cocos\core\cocos2d.dir\debug\ccinvocation.obj
c:\users\admin\desktop\vally\proj.win32\engine\cocos\core\cocos2d.dir\debug\ccparticle3drender.obj
c:\users\admin\desktop\vally\proj.win32\engine\cocos\core\cocos2d.dir\debug\ccpualignaffector.obj
c:\users\admin\desktop\vally\proj.win32\engine\cocos\core\cocos2d.dir\debug\ccpuboxcollidertranslator.obj
c:\users\admin\desktop\vally\proj.win32\engine\cocos\core\cocos2d.dir\debug\ccpuinterparticlecollidertranslator.obj
c:\users\admin\desktop\vally\proj.win32\engine\cocos\core\cocos2d.dir\debug\ccpuscaleaffector.obj
c:\users\admin\desktop\vally\proj.win32\engine\cocos\core\cocos2d.dir\debug\ccpuvortexaffector.obj
c:\users\admin\desktop\vally\proj.win32\engine\cocos\core\cocos2d.dir\debug\ccpuslaveemitter.obj
c:\users\admin\desktop\vally\proj.win32\engine\cocos\core\cocos2d.dir\debug\ccpudoplacementparticleeventhandler.obj
c:\users\admin\desktop\vally\proj.win32\engine\cocos\core\cocos2d.dir\debug\ccpuoncollisionobservertranslator.obj
c:\users\admin\desktop\vally\proj.win32\engine\cocos\core\cocos2d.dir\debug\ccpuonquotaobservertranslator.obj
c:\users\admin\desktop\vally\proj.win32\engine\cocos\core\cocos2d.dir\debug\ccactionpageturn3d.obj
c:\users\admin\desktop\vally\proj.win32\engine\cocos\core\cocos2d.dir\debug\ccfasttmxlayer.obj
c:\users\admin\desktop\vally\proj.win32\engine\cocos\core\cocos2d.dir\debug\ccspriteframecache.obj
c:\users\admin\desktop\vally\proj.win32\engine\cocos\core\cocos2d.dir\debug\ccvertexattribbinding.obj
c:\users\admin\desktop\vally\proj.win32\engine\cocos\core\cocos2d.dir\debug\ccphysicsjoint.obj
c:\users\admin\desktop\vally\proj.win32\engine\cocos\core\cocos2d.dir\debug\ccnavmesh.obj
c:\users\admin\desktop\vally\proj.win32\engine\cocos\core\cocos2d.dir\debug\ccquadcommand.obj
c:\users\admin\desktop\vally\proj.win32\engine\cocos\core\cocos2d.dir\debug\cctexturecache.obj
c:\users\admin\desktop\vally\proj.win32\engine\cocos\core\cocos2d.dir\debug\ccdirector.obj
c:\users\admin\desktop\vally\proj.win32\engine\cocos\core\cocos2d.dir\debug\base64.obj
c:\users\admin\desktop\vally\proj.win32\engine\cocos\core\cocos2d.dir\debug\ccutils.obj
c:\users\admin\desktop\vally\proj.win32\engine\cocos\core\cocos2d.dir\debug\uipageviewindicator.obj
c:\users\admin\desktop\vally\proj.win32\engine\cocos\core\cocos2d.dir\debug\httpclient.obj
c:\users\admin\desktop\vally\proj.win32\engine\cocos\core\cocos2d.dir\debug\cccomcontroller.obj
c:\users\admin\desktop\vally\proj.win32\engine\cocos\core\cocos2d.dir\debug\ccprocessbase.obj
c:\users\admin\desktop\vally\proj.win32\engine\cocos\core\cocos2d.dir\debug\ccutilmath.obj
c:\users\admin\desktop\vally\proj.win32\engine\cocos\core\cocos2d.dir\debug\localizationmanager.obj
c:\users\admin\desktop\vally\proj.win32\engine\cocos\core\cocos2d.dir\debug\comaudioreader.obj
c:\users\admin\desktop\vally\proj.win32\engine\cocos\core\cocos2d.dir\debug\usercamerareader.obj
c:\users\admin\desktop\vally\proj.win32\engine\cocos\core\cocos2d.dir\debug\layoutreader.obj
c:\users\admin\desktop\vally\proj.win32\engine\cocos\core\cocos2d.dir\debug\cccontrolhuepicker.obj
c:\users\admin\desktop\vally\proj.win32\engine\cocos\core\cocos2d.dir\debug\cccontrolslider.obj
c:\users\admin\desktop\vally\proj.win32\engine\cocos\core\cocos2d.dir\debug\ccphysicsdebugnode.obj
c:\users\admin\desktop\vally\proj.win32\engine\cocos\core\cocos2d.dir\debug\ccpudynamicattributetranslator.obj
c:\users\admin\desktop\vally\proj.win32\engine\cocos\core\cocos2d.dir\debug\ccputechniquetranslator.obj
c:\users\admin\desktop\vally\proj.win32\engine\cocos\core\cocos2d.dir\debug\ccpubaseforceaffector.obj
c:\users\admin\desktop\vally\proj.win32\engine\cocos\core\cocos2d.dir\debug\ccpugravityaffector.obj
c:\users\admin\desktop\vally\proj.win32\engine\cocos\core\cocos2d.dir\debug\ccpupathfollower.obj
c:\users\admin\desktop\vally\proj.win32\engine\cocos\core\cocos2d.dir\debug\ccputextureanimator.obj
c:\users\admin\desktop\vally\proj.win32\engine\cocos\core\cocos2d.dir\debug\ccpuemitter.obj
c:\users\admin\desktop\vally\proj.win32\engine\cocos\core\cocos2d.dir\debug\ccpubillboardchain.obj
c:\users\admin\desktop\vally\proj.win32\engine\cocos\core\cocos2d.dir\debug\ccpueventhandlermanager.obj
c:\users\admin\desktop\vally\proj.win32\engine\cocos\core\cocos2d.dir\debug\ccpuoneventflagobservertranslator.obj
c:\users\admin\desktop\vally\proj.win32\engine\cocos\core\cocos2d.dir\debug\ccpuslavebehaviourtranslator.obj
c:\users\admin\desktop\vally\proj.win32\engine\cocos\core\cocos2d.dir\debug\ccactiongrid.obj
c:\users\admin\desktop\vally\proj.win32\engine\cocos\core\cocos2d.dir\debug\cccomponentcontainer.obj
c:\users\admin\desktop\vally\proj.win32\engine\cocos\core\cocos2d.dir\debug\ccmenu.obj
c:\users\admin\desktop\vally\proj.win32\engine\cocos\core\cocos2d.dir\debug\cctweenfunction.obj
c:\users\admin\desktop\vally\proj.win32\engine\cocos\core\cocos2d.dir\debug\ccbundle3ddata.obj
c:\users\admin\desktop\vally\proj.win32\engine\cocos\core\cocos2d.dir\debug\ccmotionstreak3d.obj
c:\users\admin\desktop\vally\proj.win32\engine\cocos\core\cocos2d.dir\debug\ccfileutils-win32.obj
c:\users\admin\desktop\vally\proj.win32\engine\cocos\core\cocos2d.dir\debug\cctechnique.obj
c:\users\admin\desktop\vally\proj.win32\engine\cocos\core\cocos2d.dir\debug\programcache.obj
c:\users\admin\desktop\vally\proj.win32\engine\cocos\core\cocos2d.dir\debug\cceventfocus.obj
c:\users\admin\desktop\vally\proj.win32\engine\cocos\core\cocos2d.dir\debug\cceventlistenerkeyboard.obj
c:\users\admin\desktop\vally\proj.win32\engine\cocos\core\cocos2d.dir\debug\objectfactory.obj
c:\users\admin\desktop\vally\proj.win32\engine\cocos\core\cocos2d.dir\debug\audiodecodermanager.obj
c:\users\admin\desktop\vally\proj.win32\engine\cocos\core\cocos2d.dir\debug\cocosgui.obj
c:\users\admin\desktop\vally\proj.win32\engine\cocos\core\cocos2d.dir\debug\uiloadingbar.obj
c:\users\admin\desktop\vally\proj.win32\engine\cocos\core\cocos2d.dir\debug\uieditboximpl-common.obj
c:\users\admin\desktop\vally\proj.win32\engine\cocos\core\cocos2d.dir\debug\ccactionframeeasing.obj
c:\users\admin\desktop\vally\proj.win32\engine\cocos\core\cocos2d.dir\debug\ccarmatureanimation.obj
c:\users\admin\desktop\vally\proj.win32\engine\cocos\core\cocos2d.dir\debug\ccsguireader.obj
c:\users\admin\desktop\vally\proj.win32\engine\cocos\core\cocos2d.dir\debug\loadingbarreader.obj
c:\users\admin\desktop\vally\proj.win32\engine\cocos\core\cocos2d.dir\debug\textatlasreader.obj
c:\users\admin\desktop\vally\proj.win32\engine\cocos\core\cocos2d.dir\debug\assetsmanagerex.obj
c:\users\admin\desktop\vally\proj.win32\engine\cocos\core\cocos2d.dir\debug\ccpubasecollider.obj
c:\users\admin\desktop\vally\proj.win32\engine\cocos\core\cocos2d.dir\debug\ccpucoloraffector.obj
c:\users\admin\desktop\vally\proj.win32\engine\cocos\core\cocos2d.dir\debug\ccpulineaffector.obj
c:\users\admin\desktop\vally\proj.win32\engine\cocos\core\cocos2d.dir\debug\ccpuscalevelocityaffector.obj
c:\users\admin\desktop\vally\proj.win32\engine\cocos\core\cocos2d.dir\debug\ccpuvortexaffectortranslator.obj
c:\users\admin\desktop\vally\proj.win32\engine\cocos\core\cocos2d.dir\debug\ccpuspheresurfaceemittertranslator.obj
c:\users\admin\desktop\vally\proj.win32\engine\cocos\core\cocos2d.dir\debug\ccpudoplacementparticleeventhandlertranslator.obj
c:\users\admin\desktop\vally\proj.win32\engine\cocos\core\cocos2d.dir\debug\ccpuoncountobserver.obj
c:\users\admin\desktop\vally\proj.win32\engine\cocos\core\cocos2d.dir\debug\ccpuontimeobservertranslator.obj
c:\users\admin\desktop\vally\proj.win32\engine\cocos\core\cmakefiles\generate.stamp
c:\users\admin\desktop\vally\proj.win32\lib\debug\cocos2d.lib
c:\users\admin\desktop\vally\proj.win32\engine\cocos\core\cocos2d.dir\debug\cocos2d.tlog\cl.command.1.tlog
c:\users\admin\desktop\vally\proj.win32\engine\cocos\core\cocos2d.dir\debug\cocos2d.tlog\cl.items.tlog
c:\users\admin\desktop\vally\proj.win32\engine\cocos\core\cocos2d.dir\debug\cocos2d.tlog\cl.read.1.tlog
c:\users\admin\desktop\vally\proj.win32\engine\cocos\core\cocos2d.dir\debug\cocos2d.tlog\cl.write.1.tlog
c:\users\admin\desktop\vally\proj.win32\engine\cocos\core\cocos2d.dir\debug\cocos2d.tlog\custombuild.command.1.tlog
c:\users\admin\desktop\vally\proj.win32\engine\cocos\core\cocos2d.dir\debug\cocos2d.tlog\custombuild.read.1.tlog
c:\users\admin\desktop\vally\proj.win32\engine\cocos\core\cocos2d.dir\debug\cocos2d.tlog\custombuild.write.1.tlog
c:\users\admin\desktop\vally\proj.win32\engine\cocos\core\cocos2d.dir\debug\cocos2d.tlog\lib-link.read.1.tlog
c:\users\admin\desktop\vally\proj.win32\engine\cocos\core\cocos2d.dir\debug\cocos2d.tlog\lib-link.write.1.tlog
c:\users\admin\desktop\vally\proj.win32\engine\cocos\core\cocos2d.dir\debug\cocos2d.tlog\lib.command.1.tlog
